

Wed Dec 08 2021 16:43:53 GMT+0000 (Coordinated Universal Time) -- Binary semantic version is v8.2.0
Wed Dec 08 2021 16:43:53 GMT+0000 (Coordinated Universal Time) -- Setting output as extra verbose with request parsing
(Not all processes could be identified, non-owned process info
 will not be shown, you would have to be root to see it all.)
Wed Dec 08 2021 16:43:53 GMT+0000 (Coordinated Universal Time) -- [ERROR] Another instance of BrowserStack Binary is running with on your system with PID: 27375
Wed Dec 08 2021 16:43:53 GMT+0000 (Coordinated Universal Time) -- [ERROR] Please close it and try again
Wed Dec 08 2021 16:43:53 GMT+0000 (Coordinated Universal Time) -- [ERROR] SYS_CONFLICT:1001 https://browserstack.com/docs/local-testing/binary/errors/1001
Wed Dec 08 2021 16:43:53 GMT+0000 (Coordinated Universal Time) -- You can learn more about BrowserStack Binary flags by running ./BrowserStackLocal --help
Wed Dec 08 2021 16:43:58 GMT+0000 (Coordinated Universal Time) -- Request to: localhost:3000
Wed Dec 08 2021 16:43:58 GMT+0000 (Coordinated Universal Time) -- [PARSING HANDSHAKE][8][5207328] Handshake request to localhost:3000
Wed Dec 08 2021 16:43:58 GMT+0000 (Coordinated Universal Time) -- Connecting to: localhost:3000
Wed Dec 08 2021 16:43:58 GMT+0000 (Coordinated Universal Time) -- Connecting with IPv6
Wed Dec 08 2021 16:43:58 GMT+0000 (Coordinated Universal Time) -- Failed connecting to: localhost:3000
Wed Dec 08 2021 16:43:58 GMT+0000 (Coordinated Universal Time) -- [PARSING REQUEST][8][5207328] GET / HTTP/1.1
Host: localhost:3000
sec-ch-ua: " Not A;Brand";v="99", "Chromium";v="96", "Google Chrome";v="96"
sec-ch-ua-mobile: ?0
sec-ch-ua-platform: "macOS"
Upgrade-Insecure-Requests: 1
User-Agent: Mozilla/5.0 (Macintosh; Intel Mac OS X 10_15_7) AppleWebKit/537.36 (KHTML, like Gecko) Chrome/96.0.4664.45 Safari/537.36
Accept: text/html,application/xhtml+xml,application/xml;q=0.9,image/avif,image/webp,image/apng,*/*;q=0.8,application/signed-exchange;v=b3;q=0.9
Sec-Fetch-Site: none
Sec-Fetch-Mode: navigate
Sec-Fetch-User: ?1
Sec-Fetch-Dest: document
Accept-Encoding: gzip, deflate, br
Accept-Language: en-US,en;q=0.9
Connection: keep-alive


Wed Dec 08 2021 16:43:58 GMT+0000 (Coordinated Universal Time) -- Request to: localhost:3000
Wed Dec 08 2021 16:43:58 GMT+0000 (Coordinated Universal Time) -- [PARSING HANDSHAKE][8][5207330] Handshake request to localhost:3000
Wed Dec 08 2021 16:43:58 GMT+0000 (Coordinated Universal Time) -- Connecting to: localhost:3000
Wed Dec 08 2021 16:43:58 GMT+0000 (Coordinated Universal Time) -- Connecting with IPv6
Wed Dec 08 2021 16:43:58 GMT+0000 (Coordinated Universal Time) -- Failed connecting to: localhost:3000
Wed Dec 08 2021 16:43:59 GMT+0000 (Coordinated Universal Time) -- [PARSING REQUEST][8][5207330] HEAD / HTTP/1.1
Accept: */*
User-Agent: Ruby, Mozilla/5.0 (Macintosh; Intel Mac OS X 10.9; rv:30.0) Gecko/20100101 Firefox/30.0
Connection: close
Host: localhost:3000
Connection: keep-alive


Wed Dec 08 2021 16:43:59 GMT+0000 (Coordinated Universal Time) -- Request to: localhost:3000
Wed Dec 08 2021 16:43:59 GMT+0000 (Coordinated Universal Time) -- [PARSING HANDSHAKE][8][5207340] Handshake request to localhost:3000
Wed Dec 08 2021 16:43:59 GMT+0000 (Coordinated Universal Time) -- Connecting to: localhost:3000
Wed Dec 08 2021 16:43:59 GMT+0000 (Coordinated Universal Time) -- Connecting with IPv6
Wed Dec 08 2021 16:43:59 GMT+0000 (Coordinated Universal Time) -- Failed connecting to: localhost:3000
Wed Dec 08 2021 16:43:59 GMT+0000 (Coordinated Universal Time) -- [PARSING REQUEST][8][5207340] GET /favicon.ico HTTP/1.1
Host: localhost:3000
sec-ch-ua: " Not A;Brand";v="99", "Chromium";v="96", "Google Chrome";v="96"
sec-ch-ua-mobile: ?0
User-Agent: Mozilla/5.0 (Macintosh; Intel Mac OS X 10_15_7) AppleWebKit/537.36 (KHTML, like Gecko) Chrome/96.0.4664.45 Safari/537.36
sec-ch-ua-platform: "macOS"
Accept: image/avif,image/webp,image/apng,image/svg+xml,image/*,*/*;q=0.8
Sec-Fetch-Site: same-origin
Sec-Fetch-Mode: no-cors
Sec-Fetch-Dest: image
Referer: http://localhost:3000/
Accept-Encoding: gzip, deflate, br
Accept-Language: en-US,en;q=0.9
Connection: keep-alive


Wed Dec 08 2021 16:44:18 GMT+0000 (Coordinated Universal Time) -- Request to: localhost:3000
Wed Dec 08 2021 16:44:18 GMT+0000 (Coordinated Universal Time) -- [PARSING HANDSHAKE][9][3679904] Handshake request to localhost:3000
Wed Dec 08 2021 16:44:18 GMT+0000 (Coordinated Universal Time) -- Connecting to: localhost:3000
Wed Dec 08 2021 16:44:18 GMT+0000 (Coordinated Universal Time) -- Connecting with IPv6
Wed Dec 08 2021 16:44:18 GMT+0000 (Coordinated Universal Time) -- Failed connecting to: localhost:3000
Wed Dec 08 2021 16:44:18 GMT+0000 (Coordinated Universal Time) -- [PARSING REQUEST][9][3679904] GET / HTTP/1.1
Host: localhost:3000
sec-ch-ua: " Not A;Brand";v="99", "Chromium";v="96", "Google Chrome";v="96"
sec-ch-ua-mobile: ?0
sec-ch-ua-platform: "Windows"
Upgrade-Insecure-Requests: 1
User-Agent: Mozilla/5.0 (Windows NT 10.0; Win64; x64) AppleWebKit/537.36 (KHTML, like Gecko) Chrome/96.0.4664.45 Safari/537.36
Accept: text/html,application/xhtml+xml,application/xml;q=0.9,image/avif,image/webp,image/apng,*/*;q=0.8,application/signed-exchange;v=b3;q=0.9
Sec-Fetch-Site: none
Sec-Fetch-Mode: navigate
Sec-Fetch-User: ?1
Sec-Fetch-Dest: document
Accept-Encoding: gzip, deflate, br
Accept-Language: en-US,en;q=0.9
Connection: keep-alive


Wed Dec 08 2021 16:44:18 GMT+0000 (Coordinated Universal Time) -- Request to: localhost:3000
Wed Dec 08 2021 16:44:18 GMT+0000 (Coordinated Universal Time) -- [PARSING HANDSHAKE][9][3679912] Handshake request to localhost:3000
Wed Dec 08 2021 16:44:18 GMT+0000 (Coordinated Universal Time) -- Connecting to: localhost:3000
Wed Dec 08 2021 16:44:18 GMT+0000 (Coordinated Universal Time) -- Connecting with IPv6
Wed Dec 08 2021 16:44:18 GMT+0000 (Coordinated Universal Time) -- Failed connecting to: localhost:3000
Wed Dec 08 2021 16:44:18 GMT+0000 (Coordinated Universal Time) -- [PARSING REQUEST][9][3679912] GET /favicon.ico HTTP/1.1
Host: localhost:3000
sec-ch-ua: " Not A;Brand";v="99", "Chromium";v="96", "Google Chrome";v="96"
sec-ch-ua-mobile: ?0
User-Agent: Mozilla/5.0 (Windows NT 10.0; Win64; x64) AppleWebKit/537.36 (KHTML, like Gecko) Chrome/96.0.4664.45 Safari/537.36
sec-ch-ua-platform: "Windows"
Accept: image/avif,image/webp,image/apng,image/svg+xml,image/*,*/*;q=0.8
Sec-Fetch-Site: same-origin
Sec-Fetch-Mode: no-cors
Sec-Fetch-Dest: image
Referer: http://localhost:3000/
Accept-Encoding: gzip, deflate, br
Accept-Language: en-US,en;q=0.9
Connection: keep-alive


Wed Dec 08 2021 16:44:21 GMT+0000 (Coordinated Universal Time) -- Request to: localhost:3000
Wed Dec 08 2021 16:44:21 GMT+0000 (Coordinated Universal Time) -- [PARSING HANDSHAKE][9][3679939] Handshake request to localhost:3000
Wed Dec 08 2021 16:44:21 GMT+0000 (Coordinated Universal Time) -- Connecting to: localhost:3000
Wed Dec 08 2021 16:44:21 GMT+0000 (Coordinated Universal Time) -- Connecting with IPv6
Wed Dec 08 2021 16:44:21 GMT+0000 (Coordinated Universal Time) -- Failed connecting to: localhost:3000
Wed Dec 08 2021 16:44:21 GMT+0000 (Coordinated Universal Time) -- [PARSING REQUEST][9][3679939] HEAD / HTTP/1.1
Host: localhost:3000
Accept: */*
User-Agent: Mozilla/5.0 (Macintosh; Intel Mac OS X 10.9; rv:30.0) Gecko/20100101 Firefox/30.0
Connection: keep-alive


Wed Dec 08 2021 16:44:39 GMT+0000 (Coordinated Universal Time) -- ID-0 Request to: localhost:3000
Wed Dec 08 2021 16:44:39 GMT+0000 (Coordinated Universal Time) -- ID-0 [PARSING HANDSHAKE][6][4907890] Handshake request to localhost:3000
Wed Dec 08 2021 16:44:39 GMT+0000 (Coordinated Universal Time) -- ID-0 Connecting to: localhost:3000
Wed Dec 08 2021 16:44:39 GMT+0000 (Coordinated Universal Time) -- Connecting with IPv6
Wed Dec 08 2021 16:44:39 GMT+0000 (Coordinated Universal Time) -- ID-0 Failed connecting to: localhost:3000
Wed Dec 08 2021 16:44:39 GMT+0000 (Coordinated Universal Time) -- ID-0 Request to: localhost:3000
Wed Dec 08 2021 16:44:39 GMT+0000 (Coordinated Universal Time) -- ID-0 [PARSING HANDSHAKE][6][4907891] Handshake request to localhost:3000
Wed Dec 08 2021 16:44:39 GMT+0000 (Coordinated Universal Time) -- ID-0 Connecting to: localhost:3000
Wed Dec 08 2021 16:44:39 GMT+0000 (Coordinated Universal Time) -- Connecting with IPv6
Wed Dec 08 2021 16:44:39 GMT+0000 (Coordinated Universal Time) -- ID-0 Failed connecting to: localhost:3000
Wed Dec 08 2021 16:44:39 GMT+0000 (Coordinated Universal Time) -- ID-0 [PARSING REQUEST][6][4907890] HEAD / HTTP/1.1
Accept: */*
User-Agent: Ruby, Mozilla/5.0 (Macintosh; Intel Mac OS X 10.9; rv:30.0) Gecko/20100101 Firefox/30.0
Connection: close
Host: localhost:3000


Wed Dec 08 2021 16:44:39 GMT+0000 (Coordinated Universal Time) -- ID-0 [PARSING REQUEST][6][4907891] GET / HTTP/1.1
Host: localhost:3000
Upgrade-Insecure-Requests: 1
Accept: text/html,application/xhtml+xml,application/xml;q=0.9,*/*;q=0.8
User-Agent: Mozilla/5.0 (Macintosh; Intel Mac OS X 10_15_7) AppleWebKit/605.1.15 (KHTML, like Gecko) Version/14.1.1 Safari/605.1.15
Accept-Language: en-us
Accept-Encoding: gzip, deflate
Connection: keep-alive


Wed Dec 08 2021 16:44:39 GMT+0000 (Coordinated Universal Time) -- ID-0 Request to: localhost:3000
Wed Dec 08 2021 16:44:39 GMT+0000 (Coordinated Universal Time) -- ID-0 [PARSING HANDSHAKE][6][4907901] Handshake request to localhost:3000
Wed Dec 08 2021 16:44:39 GMT+0000 (Coordinated Universal Time) -- ID-0 Connecting to: localhost:3000
Wed Dec 08 2021 16:44:39 GMT+0000 (Coordinated Universal Time) -- Connecting with IPv6
Wed Dec 08 2021 16:44:39 GMT+0000 (Coordinated Universal Time) -- ID-0 Failed connecting to: localhost:3000
Wed Dec 08 2021 16:44:39 GMT+0000 (Coordinated Universal Time) -- ID-0 [PARSING REQUEST][6][4907901] GET /favicon.ico HTTP/1.1
Host: localhost:3000
Connection: keep-alive
Accept: */*
User-Agent: Mozilla/5.0 (Macintosh; Intel Mac OS X 10_15_7) AppleWebKit/605.1.15 (KHTML, like Gecko) Version/14.1.1 Safari/605.1.15
Accept-Language: en-us
Referer: http://localhost:3000/
Accept-Encoding: gzip, deflate


Wed Dec 08 2021 16:44:58 GMT+0000 (Coordinated Universal Time) -- ID-0 Request to: localhost:3000
Wed Dec 08 2021 16:44:58 GMT+0000 (Coordinated Universal Time) -- ID-0 [PARSING HANDSHAKE][0][3824490] Handshake request to localhost:3000
Wed Dec 08 2021 16:44:58 GMT+0000 (Coordinated Universal Time) -- ID-0 Connecting to: localhost:3000
Wed Dec 08 2021 16:44:58 GMT+0000 (Coordinated Universal Time) -- Connecting with IPv6
Wed Dec 08 2021 16:44:58 GMT+0000 (Coordinated Universal Time) -- ID-0 Failed connecting to: localhost:3000
Wed Dec 08 2021 16:44:58 GMT+0000 (Coordinated Universal Time) -- ID-0 [PARSING REQUEST][0][3824490] GET / HTTP/1.1
Host: localhost:3000
sec-ch-ua: " Not A;Brand";v="99", "Chromium";v="96", "Microsoft Edge";v="96"
sec-ch-ua-mobile: ?0
sec-ch-ua-platform: "Windows"
Upgrade-Insecure-Requests: 1
User-Agent: Mozilla/5.0 (Windows NT 10.0; Win64; x64) AppleWebKit/537.36 (KHTML, like Gecko) Chrome/96.0.4664.55 Safari/537.36 Edg/96.0.1054.34
Accept: text/html,application/xhtml+xml,application/xml;q=0.9,image/webp,image/apng,*/*;q=0.8,application/signed-exchange;v=b3;q=0.9
Sec-Fetch-Site: none
Sec-Fetch-Mode: navigate
Sec-Fetch-User: ?1
Sec-Fetch-Dest: document
Accept-Encoding: gzip, deflate, br
Accept-Language: en-US,en;q=0.9
Connection: keep-alive


Wed Dec 08 2021 16:44:59 GMT+0000 (Coordinated Universal Time) -- ID-0 Request to: localhost:3000
Wed Dec 08 2021 16:44:59 GMT+0000 (Coordinated Universal Time) -- ID-0 [PARSING HANDSHAKE][0][3824510] Handshake request to localhost:3000
Wed Dec 08 2021 16:44:59 GMT+0000 (Coordinated Universal Time) -- ID-0 Connecting to: localhost:3000
Wed Dec 08 2021 16:44:59 GMT+0000 (Coordinated Universal Time) -- Connecting with IPv6
Wed Dec 08 2021 16:44:59 GMT+0000 (Coordinated Universal Time) -- ID-0 Failed connecting to: localhost:3000
Wed Dec 08 2021 16:44:59 GMT+0000 (Coordinated Universal Time) -- ID-0 [PARSING REQUEST][0][3824510] GET /favicon.ico HTTP/1.1
Host: localhost:3000
sec-ch-ua: " Not A;Brand";v="99", "Chromium";v="96", "Microsoft Edge";v="96"
sec-ch-ua-mobile: ?0
User-Agent: Mozilla/5.0 (Windows NT 10.0; Win64; x64) AppleWebKit/537.36 (KHTML, like Gecko) Chrome/96.0.4664.55 Safari/537.36 Edg/96.0.1054.34
sec-ch-ua-platform: "Windows"
Accept: image/webp,image/apng,image/svg+xml,image/*,*/*;q=0.8
Sec-Fetch-Site: same-origin
Sec-Fetch-Mode: no-cors
Sec-Fetch-Dest: image
Referer: http://localhost:3000/
Accept-Encoding: gzip, deflate, br
Accept-Language: en-US,en;q=0.9
Connection: keep-alive


Wed Dec 08 2021 16:45:01 GMT+0000 (Coordinated Universal Time) -- ID-0 Request to: localhost:3000
Wed Dec 08 2021 16:45:01 GMT+0000 (Coordinated Universal Time) -- ID-0 [PARSING HANDSHAKE][0][3824531] Handshake request to localhost:3000
Wed Dec 08 2021 16:45:01 GMT+0000 (Coordinated Universal Time) -- ID-0 Connecting to: localhost:3000
Wed Dec 08 2021 16:45:01 GMT+0000 (Coordinated Universal Time) -- Connecting with IPv6
Wed Dec 08 2021 16:45:01 GMT+0000 (Coordinated Universal Time) -- ID-0 Failed connecting to: localhost:3000
Wed Dec 08 2021 16:45:01 GMT+0000 (Coordinated Universal Time) -- ID-0 [PARSING REQUEST][0][3824531] HEAD / HTTP/1.1
Host: localhost:3000
Accept: */*
User-Agent: Mozilla/5.0 (Macintosh; Intel Mac OS X 10.9; rv:30.0) Gecko/20100101 Firefox/30.0
Connection: keep-alive


